<?xml version="1.0"?>
<!DOCTYPE coverage SYSTEM "http://cobertura.sourceforge.net/xml/coverage-04.dtd">

<coverage line-rate="0.6749174917491749" branch-rate="0.8076923076923077" lines-covered="409" lines-valid="606" branches-covered="21" branches-valid="26" complexity="1.736842105263158" version="2.1.1" timestamp="1514852378748">
	<sources>
		<source>--source</source>
		<source>/Volumes/Documents/Repos/jfold/src/main/java</source>
		<source>/Volumes/Documents/Repos/jfold/target/generated-sources/annotations</source>
	</sources>
	<packages>
		<package name="info.mikethomas.jfold" line-rate="0.6141304347826086" branch-rate="0.8636363636363636" complexity="1.9876543209876543">
			<classes>
				<class name="info.mikethomas.jfold.ClientConnection" filename="info/mikethomas/jfold/ClientConnection.java" line-rate="0.3541666666666667" branch-rate="1.0" complexity="2.58974358974359">
					<methods>
						<method name="&lt;init&gt;" signature="()V" line-rate="0.0" branch-rate="1.0" complexity="0">
							<lines>
								<line number="75" hits="0" branch="false"/>
								<line number="76" hits="0" branch="false"/>
							</lines>
						</method>
						<method name="&lt;init&gt;" signature="(Ljava/lang/String;I)V" line-rate="1.0" branch-rate="1.0" complexity="0">
							<lines>
								<line number="67" hits="36" branch="false"/>
								<line number="87" hits="36" branch="false"/>
								<line number="89" hits="36" branch="false"/>
								<line number="90" hits="36" branch="false"/>
							</lines>
						</method>
						<method name="bond" signature="(Ljava/net/Inet4Address;ILjava/lang/String;)V" line-rate="0.0" branch-rate="1.0" complexity="0">
							<lines>
								<line number="96" hits="0" branch="false"/>
							</lines>
						</method>
						<method name="configured" signature="()V" line-rate="0.0" branch-rate="1.0" complexity="0">
							<lines>
								<line number="102" hits="0" branch="false"/>
							</lines>
						</method>
						<method name="doCycle" signature="()V" line-rate="0.0" branch-rate="1.0" complexity="0">
							<lines>
								<line number="108" hits="0" branch="false"/>
							</lines>
						</method>
						<method name="downloadCore" signature="(Ljava/lang/String;Ljava/net/URL;)V" line-rate="0.0" branch-rate="1.0" complexity="0">
							<lines>
								<line number="115" hits="0" branch="false"/>
							</lines>
						</method>
						<method name="finish" signature="()V" line-rate="0.0" branch-rate="1.0" complexity="0">
							<lines>
								<line number="121" hits="0" branch="false"/>
							</lines>
						</method>
						<method name="finish" signature="(I)V" line-rate="0.0" branch-rate="1.0" complexity="0">
							<lines>
								<line number="127" hits="0" branch="false"/>
							</lines>
						</method>
						<method name="getInfo" signature="(Linfo/mikethomas/jfold/info/InfoItem;)Ljava/lang/String;" line-rate="1.0" branch-rate="1.0" complexity="0">
							<lines>
								<line number="149" hits="6" branch="false"/>
							</lines>
						</method>
						<method name="getInfo" signature="(Ljava/lang/String;Ljava/lang/String;)Ljava/lang/String;" line-rate="0.5" branch-rate="1.0" complexity="0">
							<lines>
								<line number="135" hits="6" branch="false"/>
								<line number="139" hits="6" branch="false"/>
								<line number="140" hits="0" branch="false"/>
								<line number="141" hits="0" branch="false"/>
							</lines>
						</method>
						<method name="info" signature="()Ljava/util/List;" line-rate="0.3333333333333333" branch-rate="1.0" complexity="0">
							<lines>
								<line number="156" hits="6" branch="false"/>
								<line number="157" hits="0" branch="false"/>
								<line number="158" hits="0" branch="false"/>
							</lines>
						</method>
						<method name="inject" signature="(Ljava/net/Inet4Address;ILjava/lang/String;)V" line-rate="0.0" branch-rate="1.0" complexity="0">
							<lines>
								<line number="166" hits="0" branch="false"/>
							</lines>
						</method>
						<method name="maskUnitState" signature="()V" line-rate="0.0" branch-rate="1.0" complexity="0">
							<lines>
								<line number="172" hits="0" branch="false"/>
							</lines>
						</method>
						<method name="numSlots" signature="()I" line-rate="0.3333333333333333" branch-rate="1.0" complexity="0">
							<lines>
								<line number="179" hits="6" branch="false"/>
								<line number="181" hits="0" branch="false"/>
								<line number="182" hits="0" branch="false"/>
							</lines>
						</method>
						<method name="option" signature="(Ljava/lang/String;)Ljava/lang/String;" line-rate="0.0" branch-rate="1.0" complexity="0">
							<lines>
								<line number="189" hits="0" branch="false"/>
							</lines>
						</method>
						<method name="option" signature="(Ljava/lang/String;Ljava/lang/String;)Ljava/lang/String;" line-rate="0.0" branch-rate="1.0" complexity="0">
							<lines>
								<line number="196" hits="0" branch="false"/>
							</lines>
						</method>
						<method name="options" signature="()Linfo/mikethomas/jfold/options/Options;" line-rate="1.0" branch-rate="1.0" complexity="0">
							<lines>
								<line number="202" hits="12" branch="false"/>
							</lines>
						</method>
						<method name="options" signature="(ZZ)Linfo/mikethomas/jfold/options/Options;" line-rate="0.75" branch-rate="1.0" complexity="0">
							<lines>
								<line number="211" hits="18" branch="false"/>
								<line number="212" hits="18" branch="true" condition-coverage="100% (2/2)">
									<conditions>
										<condition number="0" type="jump" coverage="100%"/>
									</conditions>
								</line>
								<line number="213" hits="6" branch="false"/>
								<line number="215" hits="18" branch="true" condition-coverage="100% (2/2)">
									<conditions>
										<condition number="0" type="jump" coverage="100%"/>
									</conditions>
								</line>
								<line number="216" hits="6" branch="false"/>
								<line number="218" hits="18" branch="false"/>
								<line number="220" hits="0" branch="false"/>
								<line number="221" hits="0" branch="false"/>
							</lines>
						</method>
						<method name="pause" signature="()V" line-rate="0.0" branch-rate="1.0" complexity="0">
							<lines>
								<line number="229" hits="0" branch="false"/>
								<line number="230" hits="0" branch="false"/>
								<line number="231" hits="0" branch="false"/>
								<line number="232" hits="0" branch="false"/>
								<line number="233" hits="0" branch="false"/>
							</lines>
						</method>
						<method name="pause" signature="(I)V" line-rate="0.6666666666666666" branch-rate="1.0" complexity="0">
							<lines>
								<line number="239" hits="6" branch="false"/>
								<line number="242" hits="6" branch="false"/>
								<line number="243" hits="0" branch="false"/>
								<line number="244" hits="0" branch="false"/>
								<line number="245" hits="6" branch="false"/>
								<line number="246" hits="6" branch="false"/>
							</lines>
						</method>
						<method name="ppd" signature="()I" line-rate="0.3333333333333333" branch-rate="1.0" complexity="0">
							<lines>
								<line number="252" hits="6" branch="false"/>
								<line number="253" hits="0" branch="false"/>
								<line number="254" hits="0" branch="false"/>
							</lines>
						</method>
						<method name="queueInfo" signature="()Ljava/util/List;" line-rate="0.5" branch-rate="1.0" complexity="0">
							<lines>
								<line number="262" hits="12" branch="false"/>
								<line number="263" hits="12" branch="false"/>
								<line number="264" hits="0" branch="false"/>
								<line number="265" hits="0" branch="false"/>
							</lines>
						</method>
						<method name="requestId" signature="()V" line-rate="0.0" branch-rate="1.0" complexity="0">
							<lines>
								<line number="272" hits="0" branch="false"/>
							</lines>
						</method>
						<method name="requestWs" signature="()V" line-rate="0.0" branch-rate="1.0" complexity="0">
							<lines>
								<line number="278" hits="0" branch="false"/>
							</lines>
						</method>
						<method name="save" signature="()V" line-rate="0.0" branch-rate="1.0" complexity="0">
							<lines>
								<line number="284" hits="0" branch="false"/>
							</lines>
						</method>
						<method name="save" signature="(Ljava/lang/String;)V" line-rate="0.0" branch-rate="1.0" complexity="0">
							<lines>
								<line number="290" hits="0" branch="false"/>
							</lines>
						</method>
						<method name="shutdown" signature="()V" line-rate="0.0" branch-rate="1.0" complexity="0">
							<lines>
								<line number="296" hits="0" branch="false"/>
							</lines>
						</method>
						<method name="simulationInfo" signature="(I)Linfo/mikethomas/jfold/simulation/SimulationInfo;" line-rate="0.5" branch-rate="1.0" complexity="0">
							<lines>
								<line number="304" hits="12" branch="false"/>
								<line number="307" hits="12" branch="false"/>
								<line number="309" hits="0" branch="false"/>
								<line number="310" hits="0" branch="false"/>
							</lines>
						</method>
						<method name="slotAdd" signature="(Ljava/lang/String;)V" line-rate="0.0" branch-rate="1.0" complexity="0">
							<lines>
								<line number="319" hits="0" branch="false"/>
								<line number="322" hits="0" branch="false"/>
								<line number="323" hits="0" branch="false"/>
								<line number="324" hits="0" branch="false"/>
								<line number="325" hits="0" branch="false"/>
								<line number="326" hits="0" branch="false"/>
							</lines>
						</method>
						<method name="slotDelete" signature="(I)V" line-rate="0.0" branch-rate="1.0" complexity="0">
							<lines>
								<line number="331" hits="0" branch="false"/>
							</lines>
						</method>
						<method name="slotInfo" signature="()Ljava/util/List;" line-rate="0.5" branch-rate="1.0" complexity="0">
							<lines>
								<line number="338" hits="18" branch="false"/>
								<line number="339" hits="18" branch="false"/>
								<line number="340" hits="0" branch="false"/>
								<line number="341" hits="0" branch="false"/>
							</lines>
						</method>
						<method name="slotModify" signature="(Ljava/lang/String;Ljava/lang/String;)V" line-rate="0.0" branch-rate="1.0" complexity="0">
							<lines>
								<line number="349" hits="0" branch="false"/>
							</lines>
						</method>
						<method name="slotOptions" signature="(I)Linfo/mikethomas/jfold/slot/SlotOptions;" line-rate="0.5" branch-rate="1.0" complexity="0">
							<lines>
								<line number="357" hits="12" branch="false"/>
								<line number="361" hits="12" branch="false"/>
								<line number="363" hits="0" branch="false"/>
								<line number="364" hits="0" branch="false"/>
							</lines>
						</method>
						<method name="trajectory" signature="(I)V" line-rate="0.0" branch-rate="1.0" complexity="0">
							<lines>
								<line number="371" hits="0" branch="false"/>
							</lines>
						</method>
						<method name="triggerSave" signature="()V" line-rate="0.0" branch-rate="1.0" complexity="0">
							<lines>
								<line number="377" hits="0" branch="false"/>
							</lines>
						</method>
						<method name="unpause" signature="()V" line-rate="0.0" branch-rate="1.0" complexity="0">
							<lines>
								<line number="384" hits="0" branch="false"/>
								<line number="385" hits="0" branch="false"/>
								<line number="386" hits="0" branch="false"/>
								<line number="387" hits="0" branch="false"/>
								<line number="388" hits="0" branch="false"/>
							</lines>
						</method>
						<method name="unpause" signature="(I)V" line-rate="0.6666666666666666" branch-rate="1.0" complexity="0">
							<lines>
								<line number="395" hits="6" branch="false"/>
								<line number="398" hits="6" branch="false"/>
								<line number="399" hits="0" branch="false"/>
								<line number="400" hits="0" branch="false"/>
								<line number="401" hits="6" branch="false"/>
								<line number="402" hits="6" branch="false"/>
							</lines>
						</method>
						<method name="uptime" signature="()Ljava/lang/String;" line-rate="0.3333333333333333" branch-rate="1.0" complexity="0">
							<lines>
								<line number="408" hits="6" branch="false"/>
								<line number="409" hits="0" branch="false"/>
								<line number="410" hits="0" branch="false"/>
							</lines>
						</method>
						<method name="waitForUnits" signature="()V" line-rate="0.0" branch-rate="1.0" complexity="0">
							<lines>
								<line number="417" hits="0" branch="false"/>
							</lines>
						</method>
					</methods>
					<lines>
						<line number="67" hits="36" branch="false"/>
						<line number="75" hits="0" branch="false"/>
						<line number="76" hits="0" branch="false"/>
						<line number="87" hits="36" branch="false"/>
						<line number="89" hits="36" branch="false"/>
						<line number="90" hits="36" branch="false"/>
						<line number="96" hits="0" branch="false"/>
						<line number="102" hits="0" branch="false"/>
						<line number="108" hits="0" branch="false"/>
						<line number="115" hits="0" branch="false"/>
						<line number="121" hits="0" branch="false"/>
						<line number="127" hits="0" branch="false"/>
						<line number="135" hits="6" branch="false"/>
						<line number="139" hits="6" branch="false"/>
						<line number="140" hits="0" branch="false"/>
						<line number="141" hits="0" branch="false"/>
						<line number="149" hits="6" branch="false"/>
						<line number="156" hits="6" branch="false"/>
						<line number="157" hits="0" branch="false"/>
						<line number="158" hits="0" branch="false"/>
						<line number="166" hits="0" branch="false"/>
						<line number="172" hits="0" branch="false"/>
						<line number="179" hits="6" branch="false"/>
						<line number="181" hits="0" branch="false"/>
						<line number="182" hits="0" branch="false"/>
						<line number="189" hits="0" branch="false"/>
						<line number="196" hits="0" branch="false"/>
						<line number="202" hits="12" branch="false"/>
						<line number="211" hits="18" branch="false"/>
						<line number="212" hits="18" branch="true" condition-coverage="100% (2/2)">
							<conditions>
								<condition number="0" type="jump" coverage="100%"/>
							</conditions>
						</line>
						<line number="213" hits="6" branch="false"/>
						<line number="215" hits="18" branch="true" condition-coverage="100% (2/2)">
							<conditions>
								<condition number="0" type="jump" coverage="100%"/>
							</conditions>
						</line>
						<line number="216" hits="6" branch="false"/>
						<line number="218" hits="18" branch="false"/>
						<line number="220" hits="0" branch="false"/>
						<line number="221" hits="0" branch="false"/>
						<line number="229" hits="0" branch="false"/>
						<line number="230" hits="0" branch="false"/>
						<line number="231" hits="0" branch="false"/>
						<line number="232" hits="0" branch="false"/>
						<line number="233" hits="0" branch="false"/>
						<line number="239" hits="6" branch="false"/>
						<line number="242" hits="6" branch="false"/>
						<line number="243" hits="0" branch="false"/>
						<line number="244" hits="0" branch="false"/>
						<line number="245" hits="6" branch="false"/>
						<line number="246" hits="6" branch="false"/>
						<line number="252" hits="6" branch="false"/>
						<line number="253" hits="0" branch="false"/>
						<line number="254" hits="0" branch="false"/>
						<line number="262" hits="12" branch="false"/>
						<line number="263" hits="12" branch="false"/>
						<line number="264" hits="0" branch="false"/>
						<line number="265" hits="0" branch="false"/>
						<line number="272" hits="0" branch="false"/>
						<line number="278" hits="0" branch="false"/>
						<line number="284" hits="0" branch="false"/>
						<line number="290" hits="0" branch="false"/>
						<line number="296" hits="0" branch="false"/>
						<line number="304" hits="12" branch="false"/>
						<line number="307" hits="12" branch="false"/>
						<line number="309" hits="0" branch="false"/>
						<line number="310" hits="0" branch="false"/>
						<line number="319" hits="0" branch="false"/>
						<line number="322" hits="0" branch="false"/>
						<line number="323" hits="0" branch="false"/>
						<line number="324" hits="0" branch="false"/>
						<line number="325" hits="0" branch="false"/>
						<line number="326" hits="0" branch="false"/>
						<line number="331" hits="0" branch="false"/>
						<line number="338" hits="18" branch="false"/>
						<line number="339" hits="18" branch="false"/>
						<line number="340" hits="0" branch="false"/>
						<line number="341" hits="0" branch="false"/>
						<line number="349" hits="0" branch="false"/>
						<line number="357" hits="12" branch="false"/>
						<line number="361" hits="12" branch="false"/>
						<line number="363" hits="0" branch="false"/>
						<line number="364" hits="0" branch="false"/>
						<line number="371" hits="0" branch="false"/>
						<line number="377" hits="0" branch="false"/>
						<line number="384" hits="0" branch="false"/>
						<line number="385" hits="0" branch="false"/>
						<line number="386" hits="0" branch="false"/>
						<line number="387" hits="0" branch="false"/>
						<line number="388" hits="0" branch="false"/>
						<line number="395" hits="6" branch="false"/>
						<line number="398" hits="6" branch="false"/>
						<line number="399" hits="0" branch="false"/>
						<line number="400" hits="0" branch="false"/>
						<line number="401" hits="6" branch="false"/>
						<line number="402" hits="6" branch="false"/>
						<line number="408" hits="6" branch="false"/>
						<line number="409" hits="0" branch="false"/>
						<line number="410" hits="0" branch="false"/>
						<line number="417" hits="0" branch="false"/>
					</lines>
				</class>
				<class name="info.mikethomas.jfold.ClientConnection$1" filename="info/mikethomas/jfold/ClientConnection.java" line-rate="1.0" branch-rate="1.0" complexity="2.58974358974359">
					<methods>
						<method name="&lt;init&gt;" signature="(Linfo/mikethomas/jfold/ClientConnection;Ljava/lang/String;Ljava/lang/String;)V" line-rate="1.0" branch-rate="1.0" complexity="0">
							<lines>
								<line number="135" hits="6" branch="false"/>
								<line number="136" hits="6" branch="false"/>
								<line number="137" hits="6" branch="false"/>
								<line number="138" hits="6" branch="false"/>
							</lines>
						</method>
					</methods>
					<lines>
						<line number="135" hits="6" branch="false"/>
						<line number="136" hits="6" branch="false"/>
						<line number="137" hits="6" branch="false"/>
						<line number="138" hits="6" branch="false"/>
					</lines>
				</class>
				<class name="info.mikethomas.jfold.ClientConnection$2" filename="info/mikethomas/jfold/ClientConnection.java" line-rate="1.0" branch-rate="1.0" complexity="2.58974358974359">
					<methods>
						<method name="&lt;init&gt;" signature="(Linfo/mikethomas/jfold/ClientConnection;I)V" line-rate="1.0" branch-rate="1.0" complexity="0">
							<lines>
								<line number="239" hits="6" branch="false"/>
								<line number="240" hits="6" branch="false"/>
								<line number="241" hits="6" branch="false"/>
							</lines>
						</method>
					</methods>
					<lines>
						<line number="239" hits="6" branch="false"/>
						<line number="240" hits="6" branch="false"/>
						<line number="241" hits="6" branch="false"/>
					</lines>
				</class>
				<class name="info.mikethomas.jfold.ClientConnection$3" filename="info/mikethomas/jfold/ClientConnection.java" line-rate="1.0" branch-rate="1.0" complexity="2.58974358974359">
					<methods>
						<method name="&lt;init&gt;" signature="(Linfo/mikethomas/jfold/ClientConnection;)V" line-rate="1.0" branch-rate="1.0" complexity="0">
							<lines>
								<line number="262" hits="12" branch="false"/>
							</lines>
						</method>
					</methods>
					<lines>
						<line number="262" hits="12" branch="false"/>
					</lines>
				</class>
				<class name="info.mikethomas.jfold.ClientConnection$4" filename="info/mikethomas/jfold/ClientConnection.java" line-rate="1.0" branch-rate="1.0" complexity="2.58974358974359">
					<methods>
						<method name="&lt;init&gt;" signature="(Linfo/mikethomas/jfold/ClientConnection;I)V" line-rate="1.0" branch-rate="1.0" complexity="0">
							<lines>
								<line number="304" hits="12" branch="false"/>
								<line number="305" hits="12" branch="false"/>
								<line number="306" hits="12" branch="false"/>
							</lines>
						</method>
					</methods>
					<lines>
						<line number="304" hits="12" branch="false"/>
						<line number="305" hits="12" branch="false"/>
						<line number="306" hits="12" branch="false"/>
					</lines>
				</class>
				<class name="info.mikethomas.jfold.ClientConnection$5" filename="info/mikethomas/jfold/ClientConnection.java" line-rate="0.0" branch-rate="1.0" complexity="2.58974358974359">
					<methods>
						<method name="&lt;init&gt;" signature="(Linfo/mikethomas/jfold/ClientConnection;Ljava/lang/String;)V" line-rate="0.0" branch-rate="1.0" complexity="0">
							<lines>
								<line number="319" hits="0" branch="false"/>
								<line number="320" hits="0" branch="false"/>
								<line number="321" hits="0" branch="false"/>
							</lines>
						</method>
					</methods>
					<lines>
						<line number="319" hits="0" branch="false"/>
						<line number="320" hits="0" branch="false"/>
						<line number="321" hits="0" branch="false"/>
					</lines>
				</class>
				<class name="info.mikethomas.jfold.ClientConnection$6" filename="info/mikethomas/jfold/ClientConnection.java" line-rate="1.0" branch-rate="1.0" complexity="2.58974358974359">
					<methods>
						<method name="&lt;init&gt;" signature="(Linfo/mikethomas/jfold/ClientConnection;)V" line-rate="1.0" branch-rate="1.0" complexity="0">
							<lines>
								<line number="338" hits="18" branch="false"/>
							</lines>
						</method>
					</methods>
					<lines>
						<line number="338" hits="18" branch="false"/>
					</lines>
				</class>
				<class name="info.mikethomas.jfold.ClientConnection$7" filename="info/mikethomas/jfold/ClientConnection.java" line-rate="1.0" branch-rate="1.0" complexity="2.58974358974359">
					<methods>
						<method name="&lt;init&gt;" signature="(Linfo/mikethomas/jfold/ClientConnection;I)V" line-rate="1.0" branch-rate="1.0" complexity="0">
							<lines>
								<line number="357" hits="12" branch="false"/>
								<line number="358" hits="12" branch="false"/>
								<line number="359" hits="12" branch="false"/>
								<line number="360" hits="12" branch="false"/>
							</lines>
						</method>
					</methods>
					<lines>
						<line number="357" hits="12" branch="false"/>
						<line number="358" hits="12" branch="false"/>
						<line number="359" hits="12" branch="false"/>
						<line number="360" hits="12" branch="false"/>
					</lines>
				</class>
				<class name="info.mikethomas.jfold.ClientConnection$8" filename="info/mikethomas/jfold/ClientConnection.java" line-rate="1.0" branch-rate="1.0" complexity="2.58974358974359">
					<methods>
						<method name="&lt;init&gt;" signature="(Linfo/mikethomas/jfold/ClientConnection;I)V" line-rate="1.0" branch-rate="1.0" complexity="0">
							<lines>
								<line number="395" hits="6" branch="false"/>
								<line number="396" hits="6" branch="false"/>
								<line number="397" hits="6" branch="false"/>
							</lines>
						</method>
					</methods>
					<lines>
						<line number="395" hits="6" branch="false"/>
						<line number="396" hits="6" branch="false"/>
						<line number="397" hits="6" branch="false"/>
					</lines>
				</class>
				<class name="info.mikethomas.jfold.Connection" filename="info/mikethomas/jfold/Connection.java" line-rate="1.0" branch-rate="1.0" complexity="1.0">
					<methods>
					</methods>
					<lines>
					</lines>
				</class>
				<class name="info.mikethomas.jfold.SocketConnection" filename="info/mikethomas/jfold/SocketConnection.java" line-rate="0.9076923076923077" branch-rate="0.8333333333333334" complexity="4.6">
					<methods>
						<method name="&lt;clinit&gt;" signature="()V" line-rate="1.0" branch-rate="1.0" complexity="0">
							<lines>
								<line number="45" hits="6" branch="false"/>
							</lines>
						</method>
						<method name="&lt;init&gt;" signature="(Ljava/lang/String;I)V" line-rate="0.9285714285714286" branch-rate="0.75" complexity="0">
							<lines>
								<line number="57" hits="36" branch="false"/>
								<line number="59" hits="36" branch="false"/>
								<line number="61" hits="36" branch="false"/>
								<line number="72" hits="36" branch="false"/>
								<line number="74" hits="36" branch="true" condition-coverage="100% (2/2)">
									<conditions>
										<condition number="0" type="jump" coverage="100%"/>
									</conditions>
								</line>
								<line number="75" hits="6" branch="false"/>
								<line number="77" hits="6" branch="false"/>
								<line number="78" hits="6" branch="false"/>
								<line number="79" hits="6" branch="false"/>
								<line number="81" hits="6" branch="false"/>
								<line number="82" hits="6" branch="false"/>
								<line number="83" hits="6" branch="true" condition-coverage="50% (1/2)">
									<conditions>
										<condition number="0" type="jump" coverage="50%"/>
									</conditions>
								</line>
								<line number="84" hits="0" branch="false"/>
								<line number="88" hits="36" branch="false"/>
							</lines>
						</method>
						<method name="getPyon" signature="()Ljava/lang/String;" line-rate="1.0" branch-rate="1.0" complexity="0">
							<lines>
								<line number="199" hits="60" branch="false"/>
								<line number="201" hits="60" branch="false"/>
								<line number="204" hits="642" branch="true" condition-coverage="100% (2/2)">
									<conditions>
										<condition number="0" type="jump" coverage="100%"/>
									</conditions>
								</line>
								<line number="205" hits="582" branch="false"/>
								<line number="208" hits="60" branch="false"/>
								<line number="209" hits="60" branch="false"/>
								<line number="210" hits="60" branch="false"/>
							</lines>
						</method>
						<method name="getString" signature="()Ljava/lang/String;" line-rate="1.0" branch-rate="1.0" complexity="0">
							<lines>
								<line number="175" hits="12" branch="false"/>
								<line number="179" hits="386" branch="false"/>
								<line number="180" hits="386" branch="false"/>
								<line number="181" hits="386" branch="false"/>
								<line number="182" hits="386" branch="true" condition-coverage="100% (2/2)">
									<conditions>
										<condition number="0" type="jump" coverage="100%"/>
									</conditions>
								</line>
								<line number="183" hits="12" branch="false"/>
								<line number="185" hits="12" branch="false"/>
								<line number="187" hits="12" branch="false"/>
								<line number="189" hits="12" branch="false"/>
							</lines>
						</method>
						<method name="sendCommand" signature="(Linfo/mikethomas/jfold/util/Command;)Ljava/lang/String;" line-rate="1.0" branch-rate="1.0" complexity="0">
							<lines>
								<line number="99" hits="54" branch="false"/>
							</lines>
						</method>
						<method name="sendCommand" signature="(Linfo/mikethomas/jfold/util/Command;Ljava/util/List;)Ljava/lang/String;" line-rate="0.8484848484848485" branch-rate="0.8" complexity="0">
							<lines>
								<line number="113" hits="84" branch="false"/>
								<line number="114" hits="84" branch="false"/>
								<line number="116" hits="84" branch="false"/>
								<line number="118" hits="84" branch="true" condition-coverage="100% (2/2)">
									<conditions>
										<condition number="0" type="jump" coverage="100%"/>
									</conditions>
								</line>
								<line number="119" hits="54" branch="false"/>
								<line number="120" hits="54" branch="false"/>
								<line number="124" hits="84" branch="false"/>
								<line number="125" hits="84" branch="false"/>
								<line number="126" hits="84" branch="false"/>
								<line number="128" hits="84" branch="true" condition-coverage="50% (1/2)">
									<conditions>
										<condition number="0" type="jump" coverage="50%"/>
									</conditions>
								</line>
								<line number="129" hits="0" branch="false"/>
								<line number="133" hits="84" branch="true" condition-coverage="100% (4/4)">
									<conditions>
										<condition number="0" type="switch" coverage="100%"/>
									</conditions>
								</line>
								<line number="135" hits="60" branch="false"/>
								<line number="136" hits="60" branch="false"/>
								<line number="137" hits="60" branch="false"/>
								<line number="138" hits="60" branch="false"/>
								<line number="139" hits="60" branch="false"/>
								<line number="140" hits="60" branch="false"/>
								<line number="143" hits="12" branch="false"/>
								<line number="144" hits="12" branch="false"/>
								<line number="145" hits="12" branch="false"/>
								<line number="146" hits="12" branch="false"/>
								<line number="149" hits="12" branch="false"/>
								<line number="150" hits="12" branch="false"/>
								<line number="151" hits="12" branch="false"/>
								<line number="152" hits="12" branch="false"/>
								<line number="154" hits="12" branch="true" condition-coverage="50% (1/2)">
									<conditions>
										<condition number="0" type="jump" coverage="50%"/>
									</conditions>
								</line>
								<line number="155" hits="0" branch="false"/>
								<line number="156" hits="0" branch="false"/>
								<line number="160" hits="12" branch="false"/>
								<line number="161" hits="12" branch="false"/>
								<line number="163" hits="0" branch="false"/>
								<line number="164" hits="0" branch="false"/>
							</lines>
						</method>
					</methods>
					<lines>
						<line number="45" hits="6" branch="false"/>
						<line number="57" hits="36" branch="false"/>
						<line number="59" hits="36" branch="false"/>
						<line number="61" hits="36" branch="false"/>
						<line number="72" hits="36" branch="false"/>
						<line number="74" hits="36" branch="true" condition-coverage="100% (2/2)">
							<conditions>
								<condition number="0" type="jump" coverage="100%"/>
							</conditions>
						</line>
						<line number="75" hits="6" branch="false"/>
						<line number="77" hits="6" branch="false"/>
						<line number="78" hits="6" branch="false"/>
						<line number="79" hits="6" branch="false"/>
						<line number="81" hits="6" branch="false"/>
						<line number="82" hits="6" branch="false"/>
						<line number="83" hits="6" branch="true" condition-coverage="50% (1/2)">
							<conditions>
								<condition number="0" type="jump" coverage="50%"/>
							</conditions>
						</line>
						<line number="84" hits="0" branch="false"/>
						<line number="88" hits="36" branch="false"/>
						<line number="99" hits="54" branch="false"/>
						<line number="113" hits="84" branch="false"/>
						<line number="114" hits="84" branch="false"/>
						<line number="116" hits="84" branch="false"/>
						<line number="118" hits="84" branch="true" condition-coverage="100% (2/2)">
							<conditions>
								<condition number="0" type="jump" coverage="100%"/>
							</conditions>
						</line>
						<line number="119" hits="54" branch="false"/>
						<line number="120" hits="54" branch="false"/>
						<line number="124" hits="84" branch="false"/>
						<line number="125" hits="84" branch="false"/>
						<line number="126" hits="84" branch="false"/>
						<line number="128" hits="84" branch="true" condition-coverage="50% (1/2)">
							<conditions>
								<condition number="0" type="jump" coverage="50%"/>
							</conditions>
						</line>
						<line number="129" hits="0" branch="false"/>
						<line number="133" hits="84" branch="true" condition-coverage="100% (4/4)">
							<conditions>
								<condition number="0" type="switch" coverage="100%"/>
							</conditions>
						</line>
						<line number="135" hits="60" branch="false"/>
						<line number="136" hits="60" branch="false"/>
						<line number="137" hits="60" branch="false"/>
						<line number="138" hits="60" branch="false"/>
						<line number="139" hits="60" branch="false"/>
						<line number="140" hits="60" branch="false"/>
						<line number="143" hits="12" branch="false"/>
						<line number="144" hits="12" branch="false"/>
						<line number="145" hits="12" branch="false"/>
						<line number="146" hits="12" branch="false"/>
						<line number="149" hits="12" branch="false"/>
						<line number="150" hits="12" branch="false"/>
						<line number="151" hits="12" branch="false"/>
						<line number="152" hits="12" branch="false"/>
						<line number="154" hits="12" branch="true" condition-coverage="50% (1/2)">
							<conditions>
								<condition number="0" type="jump" coverage="50%"/>
							</conditions>
						</line>
						<line number="155" hits="0" branch="false"/>
						<line number="156" hits="0" branch="false"/>
						<line number="160" hits="12" branch="false"/>
						<line number="161" hits="12" branch="false"/>
						<line number="163" hits="0" branch="false"/>
						<line number="164" hits="0" branch="false"/>
						<line number="175" hits="12" branch="false"/>
						<line number="179" hits="386" branch="false"/>
						<line number="180" hits="386" branch="false"/>
						<line number="181" hits="386" branch="false"/>
						<line number="182" hits="386" branch="true" condition-coverage="100% (2/2)">
							<conditions>
								<condition number="0" type="jump" coverage="100%"/>
							</conditions>
						</line>
						<line number="183" hits="12" branch="false"/>
						<line number="185" hits="12" branch="false"/>
						<line number="187" hits="12" branch="false"/>
						<line number="189" hits="12" branch="false"/>
						<line number="199" hits="60" branch="false"/>
						<line number="201" hits="60" branch="false"/>
						<line number="204" hits="642" branch="true" condition-coverage="100% (2/2)">
							<conditions>
								<condition number="0" type="jump" coverage="100%"/>
							</conditions>
						</line>
						<line number="205" hits="582" branch="false"/>
						<line number="208" hits="60" branch="false"/>
						<line number="209" hits="60" branch="false"/>
						<line number="210" hits="60" branch="false"/>
					</lines>
				</class>
				<class name="info.mikethomas.jfold.SocketConnection$1" filename="info/mikethomas/jfold/SocketConnection.java" line-rate="1.0" branch-rate="1.0" complexity="4.6">
					<methods>
						<method name="&lt;clinit&gt;" signature="()V" line-rate="1.0" branch-rate="1.0" complexity="0">
							<lines>
								<line number="133" hits="6" branch="false"/>
							</lines>
						</method>
					</methods>
					<lines>
						<line number="133" hits="6" branch="false"/>
					</lines>
				</class>
			</classes>
		</package>
		<package name="info.mikethomas.jfold.exceptions" line-rate="0.0" branch-rate="1.0" complexity="1.0">
			<classes>
				<class name="info.mikethomas.jfold.exceptions.CommandException" filename="info/mikethomas/jfold/exceptions/CommandException.java" line-rate="0.0" branch-rate="1.0" complexity="1.0">
					<methods>
						<method name="&lt;init&gt;" signature="()V" line-rate="0.0" branch-rate="1.0" complexity="0">
							<lines>
								<line number="37" hits="0" branch="false"/>
							</lines>
						</method>
						<method name="&lt;init&gt;" signature="(Ljava/lang/String;)V" line-rate="0.0" branch-rate="1.0" complexity="0">
							<lines>
								<line number="48" hits="0" branch="false"/>
								<line number="49" hits="0" branch="false"/>
							</lines>
						</method>
						<method name="&lt;init&gt;" signature="(Ljava/lang/String;Ljava/lang/Throwable;)V" line-rate="0.0" branch-rate="1.0" complexity="0">
							<lines>
								<line number="59" hits="0" branch="false"/>
								<line number="60" hits="0" branch="false"/>
							</lines>
						</method>
						<method name="getMessage" signature="()Ljava/lang/String;" line-rate="0.0" branch-rate="1.0" complexity="0">
							<lines>
								<line number="66" hits="0" branch="false"/>
							</lines>
						</method>
					</methods>
					<lines>
						<line number="37" hits="0" branch="false"/>
						<line number="48" hits="0" branch="false"/>
						<line number="49" hits="0" branch="false"/>
						<line number="59" hits="0" branch="false"/>
						<line number="60" hits="0" branch="false"/>
						<line number="66" hits="0" branch="false"/>
					</lines>
				</class>
				<class name="info.mikethomas.jfold.exceptions.InfoException" filename="info/mikethomas/jfold/exceptions/InfoException.java" line-rate="0.0" branch-rate="1.0" complexity="1.0">
					<methods>
						<method name="&lt;init&gt;" signature="()V" line-rate="0.0" branch-rate="1.0" complexity="0">
							<lines>
								<line number="34" hits="0" branch="false"/>
							</lines>
						</method>
						<method name="&lt;init&gt;" signature="(Ljava/lang/String;)V" line-rate="0.0" branch-rate="1.0" complexity="0">
							<lines>
								<line number="45" hits="0" branch="false"/>
								<line number="46" hits="0" branch="false"/>
							</lines>
						</method>
						<method name="&lt;init&gt;" signature="(Ljava/lang/String;Ljava/lang/Throwable;)V" line-rate="0.0" branch-rate="1.0" complexity="0">
							<lines>
								<line number="56" hits="0" branch="false"/>
								<line number="57" hits="0" branch="false"/>
							</lines>
						</method>
					</methods>
					<lines>
						<line number="34" hits="0" branch="false"/>
						<line number="45" hits="0" branch="false"/>
						<line number="46" hits="0" branch="false"/>
						<line number="56" hits="0" branch="false"/>
						<line number="57" hits="0" branch="false"/>
					</lines>
				</class>
				<class name="info.mikethomas.jfold.exceptions.NumSlotsException" filename="info/mikethomas/jfold/exceptions/NumSlotsException.java" line-rate="0.0" branch-rate="1.0" complexity="1.0">
					<methods>
						<method name="&lt;init&gt;" signature="()V" line-rate="0.0" branch-rate="1.0" complexity="0">
							<lines>
								<line number="34" hits="0" branch="false"/>
							</lines>
						</method>
						<method name="&lt;init&gt;" signature="(Ljava/lang/String;)V" line-rate="0.0" branch-rate="1.0" complexity="0">
							<lines>
								<line number="45" hits="0" branch="false"/>
								<line number="46" hits="0" branch="false"/>
							</lines>
						</method>
						<method name="&lt;init&gt;" signature="(Ljava/lang/String;Ljava/lang/Throwable;)V" line-rate="0.0" branch-rate="1.0" complexity="0">
							<lines>
								<line number="56" hits="0" branch="false"/>
								<line number="57" hits="0" branch="false"/>
							</lines>
						</method>
					</methods>
					<lines>
						<line number="34" hits="0" branch="false"/>
						<line number="45" hits="0" branch="false"/>
						<line number="46" hits="0" branch="false"/>
						<line number="56" hits="0" branch="false"/>
						<line number="57" hits="0" branch="false"/>
					</lines>
				</class>
				<class name="info.mikethomas.jfold.exceptions.OptionsException" filename="info/mikethomas/jfold/exceptions/OptionsException.java" line-rate="0.0" branch-rate="1.0" complexity="1.0">
					<methods>
						<method name="&lt;init&gt;" signature="()V" line-rate="0.0" branch-rate="1.0" complexity="0">
							<lines>
								<line number="34" hits="0" branch="false"/>
							</lines>
						</method>
						<method name="&lt;init&gt;" signature="(Ljava/lang/String;)V" line-rate="0.0" branch-rate="1.0" complexity="0">
							<lines>
								<line number="45" hits="0" branch="false"/>
								<line number="46" hits="0" branch="false"/>
							</lines>
						</method>
						<method name="&lt;init&gt;" signature="(Ljava/lang/String;Ljava/lang/Throwable;)V" line-rate="0.0" branch-rate="1.0" complexity="0">
							<lines>
								<line number="56" hits="0" branch="false"/>
								<line number="57" hits="0" branch="false"/>
							</lines>
						</method>
					</methods>
					<lines>
						<line number="34" hits="0" branch="false"/>
						<line number="45" hits="0" branch="false"/>
						<line number="46" hits="0" branch="false"/>
						<line number="56" hits="0" branch="false"/>
						<line number="57" hits="0" branch="false"/>
					</lines>
				</class>
				<class name="info.mikethomas.jfold.exceptions.PauseException" filename="info/mikethomas/jfold/exceptions/PauseException.java" line-rate="0.0" branch-rate="1.0" complexity="1.0">
					<methods>
						<method name="&lt;init&gt;" signature="()V" line-rate="0.0" branch-rate="1.0" complexity="0">
							<lines>
								<line number="34" hits="0" branch="false"/>
							</lines>
						</method>
						<method name="&lt;init&gt;" signature="(Ljava/lang/String;)V" line-rate="0.0" branch-rate="1.0" complexity="0">
							<lines>
								<line number="45" hits="0" branch="false"/>
								<line number="46" hits="0" branch="false"/>
							</lines>
						</method>
						<method name="&lt;init&gt;" signature="(Ljava/lang/String;Ljava/lang/Throwable;)V" line-rate="0.0" branch-rate="1.0" complexity="0">
							<lines>
								<line number="56" hits="0" branch="false"/>
								<line number="57" hits="0" branch="false"/>
							</lines>
						</method>
					</methods>
					<lines>
						<line number="34" hits="0" branch="false"/>
						<line number="45" hits="0" branch="false"/>
						<line number="46" hits="0" branch="false"/>
						<line number="56" hits="0" branch="false"/>
						<line number="57" hits="0" branch="false"/>
					</lines>
				</class>
				<class name="info.mikethomas.jfold.exceptions.PpdException" filename="info/mikethomas/jfold/exceptions/PpdException.java" line-rate="0.0" branch-rate="1.0" complexity="1.0">
					<methods>
						<method name="&lt;init&gt;" signature="()V" line-rate="0.0" branch-rate="1.0" complexity="0">
							<lines>
								<line number="34" hits="0" branch="false"/>
							</lines>
						</method>
						<method name="&lt;init&gt;" signature="(Ljava/lang/String;)V" line-rate="0.0" branch-rate="1.0" complexity="0">
							<lines>
								<line number="45" hits="0" branch="false"/>
								<line number="46" hits="0" branch="false"/>
							</lines>
						</method>
						<method name="&lt;init&gt;" signature="(Ljava/lang/String;Ljava/lang/Throwable;)V" line-rate="0.0" branch-rate="1.0" complexity="0">
							<lines>
								<line number="56" hits="0" branch="false"/>
								<line number="57" hits="0" branch="false"/>
							</lines>
						</method>
					</methods>
					<lines>
						<line number="34" hits="0" branch="false"/>
						<line number="45" hits="0" branch="false"/>
						<line number="46" hits="0" branch="false"/>
						<line number="56" hits="0" branch="false"/>
						<line number="57" hits="0" branch="false"/>
					</lines>
				</class>
				<class name="info.mikethomas.jfold.exceptions.QueueInfoException" filename="info/mikethomas/jfold/exceptions/QueueInfoException.java" line-rate="0.0" branch-rate="1.0" complexity="1.0">
					<methods>
						<method name="&lt;init&gt;" signature="()V" line-rate="0.0" branch-rate="1.0" complexity="0">
							<lines>
								<line number="34" hits="0" branch="false"/>
							</lines>
						</method>
						<method name="&lt;init&gt;" signature="(Ljava/lang/String;)V" line-rate="0.0" branch-rate="1.0" complexity="0">
							<lines>
								<line number="45" hits="0" branch="false"/>
								<line number="46" hits="0" branch="false"/>
							</lines>
						</method>
						<method name="&lt;init&gt;" signature="(Ljava/lang/String;Ljava/lang/Throwable;)V" line-rate="0.0" branch-rate="1.0" complexity="0">
							<lines>
								<line number="56" hits="0" branch="false"/>
								<line number="57" hits="0" branch="false"/>
							</lines>
						</method>
					</methods>
					<lines>
						<line number="34" hits="0" branch="false"/>
						<line number="45" hits="0" branch="false"/>
						<line number="46" hits="0" branch="false"/>
						<line number="56" hits="0" branch="false"/>
						<line number="57" hits="0" branch="false"/>
					</lines>
				</class>
				<class name="info.mikethomas.jfold.exceptions.SimulationInfoException" filename="info/mikethomas/jfold/exceptions/SimulationInfoException.java" line-rate="0.0" branch-rate="1.0" complexity="1.0">
					<methods>
						<method name="&lt;init&gt;" signature="()V" line-rate="0.0" branch-rate="1.0" complexity="0">
							<lines>
								<line number="34" hits="0" branch="false"/>
							</lines>
						</method>
						<method name="&lt;init&gt;" signature="(Ljava/lang/String;)V" line-rate="0.0" branch-rate="1.0" complexity="0">
							<lines>
								<line number="45" hits="0" branch="false"/>
								<line number="46" hits="0" branch="false"/>
							</lines>
						</method>
						<method name="&lt;init&gt;" signature="(Ljava/lang/String;Ljava/lang/Throwable;)V" line-rate="0.0" branch-rate="1.0" complexity="0">
							<lines>
								<line number="56" hits="0" branch="false"/>
								<line number="57" hits="0" branch="false"/>
							</lines>
						</method>
					</methods>
					<lines>
						<line number="34" hits="0" branch="false"/>
						<line number="45" hits="0" branch="false"/>
						<line number="46" hits="0" branch="false"/>
						<line number="56" hits="0" branch="false"/>
						<line number="57" hits="0" branch="false"/>
					</lines>
				</class>
				<class name="info.mikethomas.jfold.exceptions.SlotAddException" filename="info/mikethomas/jfold/exceptions/SlotAddException.java" line-rate="0.0" branch-rate="1.0" complexity="1.0">
					<methods>
						<method name="&lt;init&gt;" signature="()V" line-rate="0.0" branch-rate="1.0" complexity="0">
							<lines>
								<line number="34" hits="0" branch="false"/>
							</lines>
						</method>
						<method name="&lt;init&gt;" signature="(Ljava/lang/String;)V" line-rate="0.0" branch-rate="1.0" complexity="0">
							<lines>
								<line number="45" hits="0" branch="false"/>
								<line number="46" hits="0" branch="false"/>
							</lines>
						</method>
						<method name="&lt;init&gt;" signature="(Ljava/lang/String;Ljava/lang/Throwable;)V" line-rate="0.0" branch-rate="1.0" complexity="0">
							<lines>
								<line number="56" hits="0" branch="false"/>
								<line number="57" hits="0" branch="false"/>
							</lines>
						</method>
					</methods>
					<lines>
						<line number="34" hits="0" branch="false"/>
						<line number="45" hits="0" branch="false"/>
						<line number="46" hits="0" branch="false"/>
						<line number="56" hits="0" branch="false"/>
						<line number="57" hits="0" branch="false"/>
					</lines>
				</class>
				<class name="info.mikethomas.jfold.exceptions.SlotInfoException" filename="info/mikethomas/jfold/exceptions/SlotInfoException.java" line-rate="0.0" branch-rate="1.0" complexity="1.0">
					<methods>
						<method name="&lt;init&gt;" signature="()V" line-rate="0.0" branch-rate="1.0" complexity="0">
							<lines>
								<line number="34" hits="0" branch="false"/>
							</lines>
						</method>
						<method name="&lt;init&gt;" signature="(Ljava/lang/String;)V" line-rate="0.0" branch-rate="1.0" complexity="0">
							<lines>
								<line number="45" hits="0" branch="false"/>
								<line number="46" hits="0" branch="false"/>
							</lines>
						</method>
						<method name="&lt;init&gt;" signature="(Ljava/lang/String;Ljava/lang/Throwable;)V" line-rate="0.0" branch-rate="1.0" complexity="0">
							<lines>
								<line number="56" hits="0" branch="false"/>
								<line number="57" hits="0" branch="false"/>
							</lines>
						</method>
					</methods>
					<lines>
						<line number="34" hits="0" branch="false"/>
						<line number="45" hits="0" branch="false"/>
						<line number="46" hits="0" branch="false"/>
						<line number="56" hits="0" branch="false"/>
						<line number="57" hits="0" branch="false"/>
					</lines>
				</class>
				<class name="info.mikethomas.jfold.exceptions.SlotOptionsException" filename="info/mikethomas/jfold/exceptions/SlotOptionsException.java" line-rate="0.0" branch-rate="1.0" complexity="1.0">
					<methods>
						<method name="&lt;init&gt;" signature="()V" line-rate="0.0" branch-rate="1.0" complexity="0">
							<lines>
								<line number="34" hits="0" branch="false"/>
							</lines>
						</method>
						<method name="&lt;init&gt;" signature="(Ljava/lang/String;)V" line-rate="0.0" branch-rate="1.0" complexity="0">
							<lines>
								<line number="45" hits="0" branch="false"/>
								<line number="46" hits="0" branch="false"/>
							</lines>
						</method>
						<method name="&lt;init&gt;" signature="(Ljava/lang/String;Ljava/lang/Throwable;)V" line-rate="0.0" branch-rate="1.0" complexity="0">
							<lines>
								<line number="56" hits="0" branch="false"/>
								<line number="57" hits="0" branch="false"/>
							</lines>
						</method>
					</methods>
					<lines>
						<line number="34" hits="0" branch="false"/>
						<line number="45" hits="0" branch="false"/>
						<line number="46" hits="0" branch="false"/>
						<line number="56" hits="0" branch="false"/>
						<line number="57" hits="0" branch="false"/>
					</lines>
				</class>
				<class name="info.mikethomas.jfold.exceptions.UnpauseException" filename="info/mikethomas/jfold/exceptions/UnpauseException.java" line-rate="0.0" branch-rate="1.0" complexity="1.0">
					<methods>
						<method name="&lt;init&gt;" signature="()V" line-rate="0.0" branch-rate="1.0" complexity="0">
							<lines>
								<line number="34" hits="0" branch="false"/>
							</lines>
						</method>
						<method name="&lt;init&gt;" signature="(Ljava/lang/String;)V" line-rate="0.0" branch-rate="1.0" complexity="0">
							<lines>
								<line number="45" hits="0" branch="false"/>
								<line number="46" hits="0" branch="false"/>
							</lines>
						</method>
						<method name="&lt;init&gt;" signature="(Ljava/lang/String;Ljava/lang/Throwable;)V" line-rate="0.0" branch-rate="1.0" complexity="0">
							<lines>
								<line number="56" hits="0" branch="false"/>
								<line number="57" hits="0" branch="false"/>
							</lines>
						</method>
					</methods>
					<lines>
						<line number="34" hits="0" branch="false"/>
						<line number="45" hits="0" branch="false"/>
						<line number="46" hits="0" branch="false"/>
						<line number="56" hits="0" branch="false"/>
						<line number="57" hits="0" branch="false"/>
					</lines>
				</class>
				<class name="info.mikethomas.jfold.exceptions.UptimeException" filename="info/mikethomas/jfold/exceptions/UptimeException.java" line-rate="0.0" branch-rate="1.0" complexity="1.0">
					<methods>
						<method name="&lt;init&gt;" signature="()V" line-rate="0.0" branch-rate="1.0" complexity="0">
							<lines>
								<line number="34" hits="0" branch="false"/>
							</lines>
						</method>
						<method name="&lt;init&gt;" signature="(Ljava/lang/String;)V" line-rate="0.0" branch-rate="1.0" complexity="0">
							<lines>
								<line number="45" hits="0" branch="false"/>
								<line number="46" hits="0" branch="false"/>
							</lines>
						</method>
						<method name="&lt;init&gt;" signature="(Ljava/lang/String;Ljava/lang/Throwable;)V" line-rate="0.0" branch-rate="1.0" complexity="0">
							<lines>
								<line number="56" hits="0" branch="false"/>
								<line number="57" hits="0" branch="false"/>
							</lines>
						</method>
					</methods>
					<lines>
						<line number="34" hits="0" branch="false"/>
						<line number="45" hits="0" branch="false"/>
						<line number="46" hits="0" branch="false"/>
						<line number="56" hits="0" branch="false"/>
						<line number="57" hits="0" branch="false"/>
					</lines>
				</class>
			</classes>
		</package>
		<package name="info.mikethomas.jfold.info" line-rate="0.95" branch-rate="1.0" complexity="1.0">
			<classes>
				<class name="info.mikethomas.jfold.info.InfoCategory" filename="info/mikethomas/jfold/info/InfoCategory.java" line-rate="0.8333333333333334" branch-rate="1.0" complexity="1.0">
					<methods>
						<method name="&lt;clinit&gt;" signature="()V" line-rate="1.0" branch-rate="1.0" complexity="0">
							<lines>
								<line number="32" hits="24" branch="false"/>
								<line number="39" hits="6" branch="false"/>
								<line number="42" hits="6" branch="false"/>
								<line number="45" hits="6" branch="false"/>
							</lines>
						</method>
						<method name="&lt;init&gt;" signature="(Ljava/lang/String;ILjava/lang/String;)V" line-rate="1.0" branch-rate="1.0" complexity="0">
							<lines>
							</lines>
						</method>
						<method name="getKey" signature="()Ljava/lang/String;" line-rate="0.0" branch-rate="1.0" complexity="0">
							<lines>
								<line number="54" hits="0" branch="false"/>
							</lines>
						</method>
						<method name="toString" signature="()Ljava/lang/String;" line-rate="1.0" branch-rate="1.0" complexity="0">
							<lines>
								<line number="59" hits="6" branch="false"/>
							</lines>
						</method>
						<method name="valueOf" signature="(Ljava/lang/String;)Linfo/mikethomas/jfold/info/InfoCategory;" line-rate="1.0" branch-rate="1.0" complexity="0">
							<lines>
							</lines>
						</method>
						<method name="values" signature="()[Linfo/mikethomas/jfold/info/InfoCategory;" line-rate="1.0" branch-rate="1.0" complexity="0">
							<lines>
							</lines>
						</method>
					</methods>
					<lines>
						<line number="32" hits="24" branch="false"/>
						<line number="39" hits="6" branch="false"/>
						<line number="42" hits="6" branch="false"/>
						<line number="45" hits="6" branch="false"/>
						<line number="54" hits="0" branch="false"/>
						<line number="59" hits="6" branch="false"/>
					</lines>
				</class>
				<class name="info.mikethomas.jfold.info.InfoItem" filename="info/mikethomas/jfold/info/InfoItem.java" line-rate="0.9705882352941176" branch-rate="1.0" complexity="1.0">
					<methods>
						<method name="&lt;clinit&gt;" signature="()V" line-rate="1.0" branch-rate="1.0" complexity="0">
							<lines>
								<line number="32" hits="186" branch="false"/>
								<line number="39" hits="6" branch="false"/>
								<line number="42" hits="6" branch="false"/>
								<line number="45" hits="6" branch="false"/>
								<line number="48" hits="6" branch="false"/>
								<line number="51" hits="6" branch="false"/>
								<line number="57" hits="6" branch="false"/>
								<line number="60" hits="6" branch="false"/>
								<line number="63" hits="6" branch="false"/>
								<line number="66" hits="6" branch="false"/>
								<line number="69" hits="6" branch="false"/>
								<line number="72" hits="6" branch="false"/>
								<line number="75" hits="6" branch="false"/>
								<line number="78" hits="6" branch="false"/>
								<line number="81" hits="6" branch="false"/>
								<line number="84" hits="6" branch="false"/>
								<line number="90" hits="6" branch="false"/>
								<line number="93" hits="6" branch="false"/>
								<line number="96" hits="6" branch="false"/>
								<line number="99" hits="6" branch="false"/>
								<line number="102" hits="6" branch="false"/>
								<line number="105" hits="6" branch="false"/>
								<line number="108" hits="6" branch="false"/>
								<line number="111" hits="6" branch="false"/>
								<line number="114" hits="6" branch="false"/>
								<line number="117" hits="6" branch="false"/>
								<line number="120" hits="6" branch="false"/>
								<line number="123" hits="6" branch="false"/>
								<line number="126" hits="6" branch="false"/>
								<line number="129" hits="6" branch="false"/>
								<line number="132" hits="6" branch="false"/>
							</lines>
						</method>
						<method name="&lt;init&gt;" signature="(Ljava/lang/String;ILinfo/mikethomas/jfold/info/InfoCategory;Ljava/lang/String;)V" line-rate="1.0" branch-rate="1.0" complexity="0">
							<lines>
							</lines>
						</method>
						<method name="getCategory" signature="()Linfo/mikethomas/jfold/info/InfoCategory;" line-rate="1.0" branch-rate="1.0" complexity="0">
							<lines>
								<line number="141" hits="6" branch="false"/>
							</lines>
						</method>
						<method name="getKey" signature="()Ljava/lang/String;" line-rate="0.0" branch-rate="1.0" complexity="0">
							<lines>
								<line number="148" hits="0" branch="false"/>
							</lines>
						</method>
						<method name="toString" signature="()Ljava/lang/String;" line-rate="1.0" branch-rate="1.0" complexity="0">
							<lines>
								<line number="153" hits="6" branch="false"/>
							</lines>
						</method>
						<method name="valueOf" signature="(Ljava/lang/String;)Linfo/mikethomas/jfold/info/InfoItem;" line-rate="1.0" branch-rate="1.0" complexity="0">
							<lines>
							</lines>
						</method>
						<method name="values" signature="()[Linfo/mikethomas/jfold/info/InfoItem;" line-rate="1.0" branch-rate="1.0" complexity="0">
							<lines>
							</lines>
						</method>
					</methods>
					<lines>
						<line number="32" hits="186" branch="false"/>
						<line number="39" hits="6" branch="false"/>
						<line number="42" hits="6" branch="false"/>
						<line number="45" hits="6" branch="false"/>
						<line number="48" hits="6" branch="false"/>
						<line number="51" hits="6" branch="false"/>
						<line number="57" hits="6" branch="false"/>
						<line number="60" hits="6" branch="false"/>
						<line number="63" hits="6" branch="false"/>
						<line number="66" hits="6" branch="false"/>
						<line number="69" hits="6" branch="false"/>
						<line number="72" hits="6" branch="false"/>
						<line number="75" hits="6" branch="false"/>
						<line number="78" hits="6" branch="false"/>
						<line number="81" hits="6" branch="false"/>
						<line number="84" hits="6" branch="false"/>
						<line number="90" hits="6" branch="false"/>
						<line number="93" hits="6" branch="false"/>
						<line number="96" hits="6" branch="false"/>
						<line number="99" hits="6" branch="false"/>
						<line number="102" hits="6" branch="false"/>
						<line number="105" hits="6" branch="false"/>
						<line number="108" hits="6" branch="false"/>
						<line number="111" hits="6" branch="false"/>
						<line number="114" hits="6" branch="false"/>
						<line number="117" hits="6" branch="false"/>
						<line number="120" hits="6" branch="false"/>
						<line number="123" hits="6" branch="false"/>
						<line number="126" hits="6" branch="false"/>
						<line number="129" hits="6" branch="false"/>
						<line number="132" hits="6" branch="false"/>
						<line number="141" hits="6" branch="false"/>
						<line number="148" hits="0" branch="false"/>
						<line number="153" hits="6" branch="false"/>
					</lines>
				</class>
			</classes>
		</package>
		<package name="info.mikethomas.jfold.options" line-rate="0.7103448275862069" branch-rate="1.0" complexity="0.0">
			<classes>
				<class name="info.mikethomas.jfold.options.Options" filename="info/mikethomas/jfold/options/Options.java" line-rate="0.7103448275862069" branch-rate="1.0" complexity="0.0">
					<methods>
						<method name="&lt;init&gt;" signature="()V" line-rate="1.0" branch-rate="1.0" complexity="0">
							<lines>
								<line number="40" hits="18" branch="false"/>
							</lines>
						</method>
						<method name="getAllow" signature="()Ljava/lang/String;" line-rate="0.0" branch-rate="1.0" complexity="0">
							<lines>
								<line number="48" hits="0" branch="false"/>
							</lines>
						</method>
						<method name="getAssignmentServers" signature="()Ljava/lang/String;" line-rate="1.0" branch-rate="1.0" complexity="0">
							<lines>
								<line number="56" hits="6" branch="false"/>
							</lines>
						</method>
						<method name="getAuthAs" signature="()Ljava/lang/Boolean;" line-rate="0.0" branch-rate="1.0" complexity="0">
							<lines>
								<line number="64" hits="0" branch="false"/>
							</lines>
						</method>
						<method name="getCaptureDirectory" signature="()Ljava/lang/String;" line-rate="1.0" branch-rate="1.0" complexity="0">
							<lines>
								<line number="72" hits="6" branch="false"/>
							</lines>
						</method>
						<method name="getCaptureOnError" signature="()Ljava/lang/Boolean;" line-rate="0.0" branch-rate="1.0" complexity="0">
							<lines>
								<line number="80" hits="0" branch="false"/>
							</lines>
						</method>
						<method name="getCapturePackets" signature="()Ljava/lang/Boolean;" line-rate="0.0" branch-rate="1.0" complexity="0">
							<lines>
								<line number="88" hits="0" branch="false"/>
							</lines>
						</method>
						<method name="getCaptureRequests" signature="()Ljava/lang/Boolean;" line-rate="0.0" branch-rate="1.0" complexity="0">
							<lines>
								<line number="96" hits="0" branch="false"/>
							</lines>
						</method>
						<method name="getCaptureResponses" signature="()Ljava/lang/Boolean;" line-rate="0.0" branch-rate="1.0" complexity="0">
							<lines>
								<line number="104" hits="0" branch="false"/>
							</lines>
						</method>
						<method name="getCaptureSockets" signature="()Ljava/lang/Boolean;" line-rate="1.0" branch-rate="1.0" complexity="0">
							<lines>
								<line number="112" hits="6" branch="false"/>
							</lines>
						</method>
						<method name="getCause" signature="()Ljava/lang/String;" line-rate="0.0" branch-rate="1.0" complexity="0">
							<lines>
								<line number="120" hits="0" branch="false"/>
							</lines>
						</method>
						<method name="getCertificateFile" signature="()Ljava/lang/String;" line-rate="0.0" branch-rate="1.0" complexity="0">
							<lines>
								<line number="128" hits="0" branch="false"/>
							</lines>
						</method>
						<method name="getCheckpoint" signature="()I" line-rate="1.0" branch-rate="1.0" complexity="0">
							<lines>
								<line number="136" hits="6" branch="false"/>
							</lines>
						</method>
						<method name="getChild" signature="()Ljava/lang/Boolean;" line-rate="1.0" branch-rate="1.0" complexity="0">
							<lines>
								<line number="144" hits="6" branch="false"/>
							</lines>
						</method>
						<method name="getClientSubtype" signature="()Ljava/lang/String;" line-rate="1.0" branch-rate="1.0" complexity="0">
							<lines>
								<line number="152" hits="6" branch="false"/>
							</lines>
						</method>
						<method name="getClientThreads" signature="()I" line-rate="0.0" branch-rate="1.0" complexity="0">
							<lines>
								<line number="160" hits="0" branch="false"/>
							</lines>
						</method>
						<method name="getClientType" signature="()Ljava/lang/String;" line-rate="1.0" branch-rate="1.0" complexity="0">
							<lines>
								<line number="168" hits="6" branch="false"/>
							</lines>
						</method>
						<method name="getCommandAddress" signature="()Ljava/lang/String;" line-rate="1.0" branch-rate="1.0" complexity="0">
							<lines>
								<line number="176" hits="6" branch="false"/>
							</lines>
						</method>
						<method name="getCommandAllow" signature="()Ljava/lang/String;" line-rate="1.0" branch-rate="1.0" complexity="0">
							<lines>
								<line number="186" hits="6" branch="false"/>
							</lines>
						</method>
						<method name="getCommandAllowNoPass" signature="()Ljava/lang/String;" line-rate="1.0" branch-rate="1.0" complexity="0">
							<lines>
								<line number="194" hits="6" branch="false"/>
							</lines>
						</method>
						<method name="getCommandDeny" signature="()Ljava/lang/String;" line-rate="1.0" branch-rate="1.0" complexity="0">
							<lines>
								<line number="203" hits="6" branch="false"/>
							</lines>
						</method>
						<method name="getCommandDenyNoPass" signature="()Ljava/lang/String;" line-rate="1.0" branch-rate="1.0" complexity="0">
							<lines>
								<line number="219" hits="6" branch="false"/>
							</lines>
						</method>
						<method name="getCommandEnable" signature="()Ljava/lang/Boolean;" line-rate="0.0" branch-rate="1.0" complexity="0">
							<lines>
								<line number="227" hits="0" branch="false"/>
							</lines>
						</method>
						<method name="getCommandPort" signature="()I" line-rate="1.0" branch-rate="1.0" complexity="0">
							<lines>
								<line number="235" hits="6" branch="false"/>
							</lines>
						</method>
						<method name="getConfigRotate" signature="()Ljava/lang/Boolean;" line-rate="1.0" branch-rate="1.0" complexity="0">
							<lines>
								<line number="243" hits="6" branch="false"/>
							</lines>
						</method>
						<method name="getConfigRotateDir" signature="()Ljava/lang/String;" line-rate="1.0" branch-rate="1.0" complexity="0">
							<lines>
								<line number="251" hits="6" branch="false"/>
							</lines>
						</method>
						<method name="getConfigRotateMax" signature="()I" line-rate="1.0" branch-rate="1.0" complexity="0">
							<lines>
								<line number="259" hits="6" branch="false"/>
							</lines>
						</method>
						<method name="getConnectionTimeout" signature="()I" line-rate="0.0" branch-rate="1.0" complexity="0">
							<lines>
								<line number="267" hits="0" branch="false"/>
							</lines>
						</method>
						<method name="getCoreDir" signature="()Ljava/lang/String;" line-rate="1.0" branch-rate="1.0" complexity="0">
							<lines>
								<line number="275" hits="6" branch="false"/>
							</lines>
						</method>
						<method name="getCoreExec" signature="()Ljava/lang/String;" line-rate="0.0" branch-rate="1.0" complexity="0">
							<lines>
								<line number="283" hits="0" branch="false"/>
							</lines>
						</method>
						<method name="getCoreKey" signature="()Ljava/lang/String;" line-rate="1.0" branch-rate="1.0" complexity="0">
							<lines>
								<line number="291" hits="6" branch="false"/>
							</lines>
						</method>
						<method name="getCorePrep" signature="()Ljava/lang/String;" line-rate="1.0" branch-rate="1.0" complexity="0">
							<lines>
								<line number="299" hits="6" branch="false"/>
							</lines>
						</method>
						<method name="getCorePriority" signature="()Ljava/lang/String;" line-rate="1.0" branch-rate="1.0" complexity="0">
							<lines>
								<line number="307" hits="6" branch="false"/>
							</lines>
						</method>
						<method name="getCoreServer" signature="()Ljava/lang/String;" line-rate="1.0" branch-rate="1.0" complexity="0">
							<lines>
								<line number="315" hits="6" branch="false"/>
							</lines>
						</method>
						<method name="getCoreWrapperExec" signature="()Ljava/lang/String;" line-rate="0.0" branch-rate="1.0" complexity="0">
							<lines>
								<line number="323" hits="0" branch="false"/>
							</lines>
						</method>
						<method name="getCpuAffinity" signature="()Ljava/lang/Boolean;" line-rate="1.0" branch-rate="1.0" complexity="0">
							<lines>
								<line number="331" hits="6" branch="false"/>
							</lines>
						</method>
						<method name="getCpuSpecies" signature="()Ljava/lang/String;" line-rate="1.0" branch-rate="1.0" complexity="0">
							<lines>
								<line number="339" hits="6" branch="false"/>
							</lines>
						</method>
						<method name="getCpuType" signature="()Ljava/lang/String;" line-rate="1.0" branch-rate="1.0" complexity="0">
							<lines>
								<line number="347" hits="6" branch="false"/>
							</lines>
						</method>
						<method name="getCpuUsage" signature="()I" line-rate="1.0" branch-rate="1.0" complexity="0">
							<lines>
								<line number="355" hits="6" branch="false"/>
							</lines>
						</method>
						<method name="getCpus" signature="()I" line-rate="1.0" branch-rate="1.0" complexity="0">
							<lines>
								<line number="363" hits="6" branch="false"/>
							</lines>
						</method>
						<method name="getCrlFile" signature="()Ljava/lang/String;" line-rate="0.0" branch-rate="1.0" complexity="0">
							<lines>
								<line number="371" hits="0" branch="false"/>
							</lines>
						</method>
						<method name="getCudaIndex" signature="()I" line-rate="1.0" branch-rate="1.0" complexity="0">
							<lines>
								<line number="379" hits="6" branch="false"/>
							</lines>
						</method>
						<method name="getCycleRate" signature="()I" line-rate="1.0" branch-rate="1.0" complexity="0">
							<lines>
								<line number="387" hits="6" branch="false"/>
							</lines>
						</method>
						<method name="getCycles" signature="()I" line-rate="1.0" branch-rate="1.0" complexity="0">
							<lines>
								<line number="395" hits="6" branch="false"/>
							</lines>
						</method>
						<method name="getDaemon" signature="()Ljava/lang/Boolean;" line-rate="1.0" branch-rate="1.0" complexity="0">
							<lines>
								<line number="403" hits="6" branch="false"/>
							</lines>
						</method>
						<method name="getDataDirectory" signature="()Ljava/lang/String;" line-rate="1.0" branch-rate="1.0" complexity="0">
							<lines>
								<line number="411" hits="6" branch="false"/>
							</lines>
						</method>
						<method name="getDebugSockets" signature="()Ljava/lang/Boolean;" line-rate="1.0" branch-rate="1.0" complexity="0">
							<lines>
								<line number="419" hits="6" branch="false"/>
							</lines>
						</method>
						<method name="getDeny" signature="()Ljava/lang/String;" line-rate="0.0" branch-rate="1.0" complexity="0">
							<lines>
								<line number="211" hits="0" branch="false"/>
							</lines>
						</method>
						<method name="getDisableSleepWhenActive" signature="()Ljava/lang/Boolean;" line-rate="0.0" branch-rate="1.0" complexity="0">
							<lines>
								<line number="427" hits="0" branch="false"/>
							</lines>
						</method>
						<method name="getDumpAfterDeadline" signature="()Ljava/lang/Boolean;" line-rate="1.0" branch-rate="1.0" complexity="0">
							<lines>
								<line number="435" hits="6" branch="false"/>
							</lines>
						</method>
						<method name="getEval" signature="()Ljava/lang/String;" line-rate="1.0" branch-rate="1.0" complexity="0">
							<lines>
								<line number="443" hits="6" branch="false"/>
							</lines>
						</method>
						<method name="getExceptionLocations" signature="()Ljava/lang/Boolean;" line-rate="1.0" branch-rate="1.0" complexity="0">
							<lines>
								<line number="451" hits="6" branch="false"/>
							</lines>
						</method>
						<method name="getExecDirectory" signature="()Ljava/lang/String;" line-rate="1.0" branch-rate="1.0" complexity="0">
							<lines>
								<line number="459" hits="6" branch="false"/>
							</lines>
						</method>
						<method name="getExitWhenDone" signature="()Ljava/lang/Boolean;" line-rate="1.0" branch-rate="1.0" complexity="0">
							<lines>
								<line number="467" hits="6" branch="false"/>
							</lines>
						</method>
						<method name="getExtraCoreArgs" signature="()Ljava/lang/String;" line-rate="1.0" branch-rate="1.0" complexity="0">
							<lines>
								<line number="475" hits="6" branch="false"/>
							</lines>
						</method>
						<method name="getFoldAnon" signature="()Ljava/lang/Boolean;" line-rate="0.0" branch-rate="1.0" complexity="0">
							<lines>
								<line number="483" hits="0" branch="false"/>
							</lines>
						</method>
						<method name="getForceWs" signature="()Ljava/lang/Boolean;" line-rate="1.0" branch-rate="1.0" complexity="0">
							<lines>
								<line number="491" hits="6" branch="false"/>
							</lines>
						</method>
						<method name="getFork" signature="()Ljava/lang/Boolean;" line-rate="0.0" branch-rate="1.0" complexity="0">
							<lines>
								<line number="499" hits="0" branch="false"/>
							</lines>
						</method>
						<method name="getGpu" signature="()Ljava/lang/Boolean;" line-rate="1.0" branch-rate="1.0" complexity="0">
							<lines>
								<line number="507" hits="6" branch="false"/>
							</lines>
						</method>
						<method name="getGpuAssignmentServers" signature="()Ljava/lang/String;" line-rate="1.0" branch-rate="1.0" complexity="0">
							<lines>
								<line number="515" hits="6" branch="false"/>
							</lines>
						</method>
						<method name="getGpuIndex" signature="()Ljava/lang/String;" line-rate="1.0" branch-rate="1.0" complexity="0">
							<lines>
								<line number="523" hits="6" branch="false"/>
							</lines>
						</method>
						<method name="getGpuUsage" signature="()I" line-rate="1.0" branch-rate="1.0" complexity="0">
							<lines>
								<line number="531" hits="6" branch="false"/>
							</lines>
						</method>
						<method name="getHttpAddresses" signature="()Ljava/lang/String;" line-rate="0.0" branch-rate="1.0" complexity="0">
							<lines>
								<line number="539" hits="0" branch="false"/>
							</lines>
						</method>
						<method name="getHttpsAddresses" signature="()Ljava/lang/String;" line-rate="0.0" branch-rate="1.0" complexity="0">
							<lines>
								<line number="547" hits="0" branch="false"/>
							</lines>
						</method>
						<method name="getIdle" signature="()Ljava/lang/Boolean;" line-rate="0.0" branch-rate="1.0" complexity="0">
							<lines>
								<line number="555" hits="0" branch="false"/>
							</lines>
						</method>
						<method name="getLog" signature="()Ljava/lang/String;" line-rate="1.0" branch-rate="1.0" complexity="0">
							<lines>
								<line number="563" hits="6" branch="false"/>
							</lines>
						</method>
						<method name="getLogColor" signature="()Ljava/lang/Boolean;" line-rate="1.0" branch-rate="1.0" complexity="0">
							<lines>
								<line number="571" hits="6" branch="false"/>
							</lines>
						</method>
						<method name="getLogCrlf" signature="()Ljava/lang/Boolean;" line-rate="1.0" branch-rate="1.0" complexity="0">
							<lines>
								<line number="579" hits="6" branch="false"/>
							</lines>
						</method>
						<method name="getLogDate" signature="()Ljava/lang/Boolean;" line-rate="1.0" branch-rate="1.0" complexity="0">
							<lines>
								<line number="587" hits="6" branch="false"/>
							</lines>
						</method>
						<method name="getLogDatePeriodically" signature="()I" line-rate="0.0" branch-rate="1.0" complexity="0">
							<lines>
								<line number="595" hits="0" branch="false"/>
							</lines>
						</method>
						<method name="getLogDebug" signature="()Ljava/lang/Boolean;" line-rate="1.0" branch-rate="1.0" complexity="0">
							<lines>
								<line number="603" hits="6" branch="false"/>
							</lines>
						</method>
						<method name="getLogDomain" signature="()Ljava/lang/Boolean;" line-rate="1.0" branch-rate="1.0" complexity="0">
							<lines>
								<line number="611" hits="6" branch="false"/>
							</lines>
						</method>
						<method name="getLogDomainLevels" signature="()Ljava/lang/Boolean;" line-rate="1.0" branch-rate="1.0" complexity="0">
							<lines>
								<line number="619" hits="6" branch="false"/>
							</lines>
						</method>
						<method name="getLogHeader" signature="()Ljava/lang/Boolean;" line-rate="1.0" branch-rate="1.0" complexity="0">
							<lines>
								<line number="627" hits="6" branch="false"/>
							</lines>
						</method>
						<method name="getLogLevel" signature="()Ljava/lang/Boolean;" line-rate="1.0" branch-rate="1.0" complexity="0">
							<lines>
								<line number="635" hits="6" branch="false"/>
							</lines>
						</method>
						<method name="getLogNoInfoHeader" signature="()Ljava/lang/Boolean;" line-rate="1.0" branch-rate="1.0" complexity="0">
							<lines>
								<line number="643" hits="6" branch="false"/>
							</lines>
						</method>
						<method name="getLogRedirect" signature="()Ljava/lang/Boolean;" line-rate="1.0" branch-rate="1.0" complexity="0">
							<lines>
								<line number="651" hits="6" branch="false"/>
							</lines>
						</method>
						<method name="getLogRotate" signature="()Ljava/lang/Boolean;" line-rate="1.0" branch-rate="1.0" complexity="0">
							<lines>
								<line number="659" hits="6" branch="false"/>
							</lines>
						</method>
						<method name="getLogRotateDir" signature="()Ljava/lang/String;" line-rate="1.0" branch-rate="1.0" complexity="0">
							<lines>
								<line number="667" hits="6" branch="false"/>
							</lines>
						</method>
						<method name="getLogRotateMax" signature="()I" line-rate="1.0" branch-rate="1.0" complexity="0">
							<lines>
								<line number="675" hits="6" branch="false"/>
							</lines>
						</method>
						<method name="getLogShortLevel" signature="()Ljava/lang/Boolean;" line-rate="1.0" branch-rate="1.0" complexity="0">
							<lines>
								<line number="683" hits="6" branch="false"/>
							</lines>
						</method>
						<method name="getLogSimpleDomains" signature="()Ljava/lang/Boolean;" line-rate="1.0" branch-rate="1.0" complexity="0">
							<lines>
								<line number="691" hits="6" branch="false"/>
							</lines>
						</method>
						<method name="getLogThreadId" signature="()Ljava/lang/Boolean;" line-rate="1.0" branch-rate="1.0" complexity="0">
							<lines>
								<line number="699" hits="6" branch="false"/>
							</lines>
						</method>
						<method name="getLogThreadPrefix" signature="()Ljava/lang/Boolean;" line-rate="0.0" branch-rate="1.0" complexity="0">
							<lines>
								<line number="707" hits="0" branch="false"/>
							</lines>
						</method>
						<method name="getLogTime" signature="()Ljava/lang/Boolean;" line-rate="1.0" branch-rate="1.0" complexity="0">
							<lines>
								<line number="715" hits="6" branch="false"/>
							</lines>
						</method>
						<method name="getLogToScreen" signature="()Ljava/lang/Boolean;" line-rate="1.0" branch-rate="1.0" complexity="0">
							<lines>
								<line number="723" hits="6" branch="false"/>
							</lines>
						</method>
						<method name="getLogTruncate" signature="()Ljava/lang/Boolean;" line-rate="1.0" branch-rate="1.0" complexity="0">
							<lines>
								<line number="731" hits="6" branch="false"/>
							</lines>
						</method>
						<method name="getMachineId" signature="()I" line-rate="1.0" branch-rate="1.0" complexity="0">
							<lines>
								<line number="739" hits="6" branch="false"/>
							</lines>
						</method>
						<method name="getMaxConnectTime" signature="()I" line-rate="0.0" branch-rate="1.0" complexity="0">
							<lines>
								<line number="756" hits="0" branch="false"/>
							</lines>
						</method>
						<method name="getMaxConnections" signature="()I" line-rate="0.0" branch-rate="1.0" complexity="0">
							<lines>
								<line number="764" hits="0" branch="false"/>
							</lines>
						</method>
						<method name="getMaxDelay" signature="()I" line-rate="1.0" branch-rate="1.0" complexity="0">
							<lines>
								<line number="748" hits="6" branch="false"/>
							</lines>
						</method>
						<method name="getMaxPacketSize" signature="()Ljava/lang/String;" line-rate="1.0" branch-rate="1.0" complexity="0">
							<lines>
								<line number="772" hits="6" branch="false"/>
							</lines>
						</method>
						<method name="getMaxQueue" signature="()I" line-rate="1.0" branch-rate="1.0" complexity="0">
							<lines>
								<line number="780" hits="6" branch="false"/>
							</lines>
						</method>
						<method name="getMaxRequestLength" signature="()I" line-rate="0.0" branch-rate="1.0" complexity="0">
							<lines>
								<line number="788" hits="0" branch="false"/>
							</lines>
						</method>
						<method name="getMaxShutdownWait" signature="()I" line-rate="1.0" branch-rate="1.0" complexity="0">
							<lines>
								<line number="796" hits="6" branch="false"/>
							</lines>
						</method>
						<method name="getMaxSlotErrors" signature="()I" line-rate="1.0" branch-rate="1.0" complexity="0">
							<lines>
								<line number="804" hits="6" branch="false"/>
							</lines>
						</method>
[...]
							<lines>
								<line number="141" hits="6" branch="false"/>
							</lines>
						</method>
						<method name="getGen" signature="()I" line-rate="1.0" branch-rate="1.0" complexity="0">
							<lines>
								<line number="101" hits="6" branch="false"/>
							</lines>
						</method>
						<method name="getId" signature="()Ljava/lang/String;" line-rate="1.0" branch-rate="1.0" complexity="0">
							<lines>
								<line number="53" hits="6" branch="false"/>
							</lines>
						</method>
						<method name="getNextAttempt" signature="()Ljava/lang/String;" line-rate="1.0" branch-rate="1.0" complexity="0">
							<lines>
								<line number="208" hits="6" branch="false"/>
							</lines>
						</method>
						<method name="getPercentDone" signature="()Ljava/lang/String;" line-rate="1.0" branch-rate="1.0" complexity="0">
							<lines>
								<line number="125" hits="6" branch="false"/>
							</lines>
						</method>
						<method name="getPpd" signature="()D" line-rate="1.0" branch-rate="1.0" complexity="0">
							<lines>
								<line number="240" hits="6" branch="false"/>
							</lines>
						</method>
						<method name="getProject" signature="()I" line-rate="1.0" branch-rate="1.0" complexity="0">
							<lines>
								<line number="77" hits="6" branch="false"/>
							</lines>
						</method>
						<method name="getRun" signature="()I" line-rate="1.0" branch-rate="1.0" complexity="0">
							<lines>
								<line number="85" hits="6" branch="false"/>
							</lines>
						</method>
						<method name="getSlot" signature="()Ljava/lang/String;" line-rate="1.0" branch-rate="1.0" complexity="0">
							<lines>
								<line number="224" hits="6" branch="false"/>
							</lines>
						</method>
						<method name="getState" signature="()Ljava/lang/String;" line-rate="1.0" branch-rate="1.0" complexity="0">
							<lines>
								<line number="61" hits="6" branch="false"/>
							</lines>
						</method>
						<method name="getTimeRemaining" signature="()Ljava/lang/String;" line-rate="0.0" branch-rate="1.0" complexity="0">
							<lines>
								<line number="216" hits="0" branch="false"/>
							</lines>
						</method>
						<method name="getTimeout" signature="()Ljava/util/Date;" line-rate="1.0" branch-rate="1.0" complexity="0">
							<lines>
								<line number="159" hits="6" branch="false"/>
							</lines>
						</method>
						<method name="getTotalFrames" signature="()I" line-rate="1.0" branch-rate="1.0" complexity="0">
							<lines>
								<line number="133" hits="6" branch="false"/>
							</lines>
						</method>
						<method name="getTpf" signature="()Ljava/lang/String;" line-rate="1.0" branch-rate="1.0" complexity="0">
							<lines>
								<line number="248" hits="6" branch="false"/>
							</lines>
						</method>
						<method name="getUnit" signature="()Ljava/lang/String;" line-rate="1.0" branch-rate="1.0" complexity="0">
							<lines>
								<line number="117" hits="6" branch="false"/>
							</lines>
						</method>
						<method name="getWaitingOn" signature="()Ljava/lang/String;" line-rate="1.0" branch-rate="1.0" complexity="0">
							<lines>
								<line number="192" hits="6" branch="false"/>
							</lines>
						</method>
						<method name="getWs" signature="()Ljava/net/InetAddress;" line-rate="1.0" branch-rate="1.0" complexity="0">
							<lines>
								<line number="176" hits="6" branch="false"/>
							</lines>
						</method>
						<method name="toString" signature="()Ljava/lang/String;" line-rate="0.0" branch-rate="1.0" complexity="0">
							<lines>
								<line number="43" hits="0" branch="false"/>
							</lines>
						</method>
					</methods>
					<lines>
						<line number="43" hits="0" branch="false"/>
						<line number="45" hits="12" branch="false"/>
						<line number="53" hits="6" branch="false"/>
						<line number="61" hits="6" branch="false"/>
						<line number="69" hits="0" branch="false"/>
						<line number="77" hits="6" branch="false"/>
						<line number="85" hits="6" branch="false"/>
						<line number="93" hits="6" branch="false"/>
						<line number="101" hits="6" branch="false"/>
						<line number="109" hits="6" branch="false"/>
						<line number="117" hits="6" branch="false"/>
						<line number="125" hits="6" branch="false"/>
						<line number="133" hits="6" branch="false"/>
						<line number="141" hits="6" branch="false"/>
						<line number="150" hits="6" branch="false"/>
						<line number="159" hits="6" branch="false"/>
						<line number="168" hits="6" branch="false"/>
						<line number="176" hits="6" branch="false"/>
						<line number="184" hits="6" branch="false"/>
						<line number="192" hits="6" branch="false"/>
						<line number="200" hits="6" branch="false"/>
						<line number="208" hits="6" branch="false"/>
						<line number="216" hits="0" branch="false"/>
						<line number="224" hits="6" branch="false"/>
						<line number="232" hits="6" branch="false"/>
						<line number="240" hits="6" branch="false"/>
						<line number="248" hits="6" branch="false"/>
						<line number="256" hits="6" branch="false"/>
						<line number="264" hits="6" branch="false"/>
						<line number="272" hits="6" branch="false"/>
					</lines>
				</class>
			</classes>
		</package>
		<package name="info.mikethomas.jfold.util" line-rate="0.8924731182795699" branch-rate="0.5" complexity="2.0">
			<classes>
				<class name="info.mikethomas.jfold.util.Command" filename="info/mikethomas/jfold/util/Command.java" line-rate="0.9807692307692307" branch-rate="1.0" complexity="1.0">
					<methods>
						<method name="&lt;clinit&gt;" signature="()V" line-rate="1.0" branch-rate="1.0" complexity="0">
							<lines>
								<line number="32" hits="300" branch="false"/>
								<line number="39" hits="6" branch="false"/>
								<line number="42" hits="6" branch="false"/>
								<line number="45" hits="6" branch="false"/>
								<line number="48" hits="6" branch="false"/>
								<line number="51" hits="6" branch="false"/>
								<line number="54" hits="6" branch="false"/>
								<line number="60" hits="6" branch="false"/>
								<line number="63" hits="6" branch="false"/>
								<line number="67" hits="6" branch="false"/>
								<line number="73" hits="6" branch="false"/>
								<line number="76" hits="6" branch="false"/>
								<line number="79" hits="6" branch="false"/>
								<line number="82" hits="6" branch="false"/>
								<line number="85" hits="6" branch="false"/>
								<line number="88" hits="6" branch="false"/>
								<line number="94" hits="6" branch="false"/>
								<line number="97" hits="6" branch="false"/>
								<line number="100" hits="6" branch="false"/>
								<line number="103" hits="6" branch="false"/>
								<line number="122" hits="6" branch="false"/>
								<line number="125" hits="6" branch="false"/>
								<line number="128" hits="6" branch="false"/>
								<line number="131" hits="6" branch="false"/>
								<line number="134" hits="6" branch="false"/>
								<line number="137" hits="6" branch="false"/>
								<line number="143" hits="6" branch="false"/>
								<line number="146" hits="6" branch="false"/>
								<line number="149" hits="6" branch="false"/>
								<line number="154" hits="6" branch="false"/>
								<line number="157" hits="6" branch="false"/>
								<line number="160" hits="6" branch="false"/>
								<line number="168" hits="6" branch="false"/>
								<line number="175" hits="6" branch="false"/>
								<line number="178" hits="6" branch="false"/>
								<line number="181" hits="6" branch="false"/>
								<line number="184" hits="6" branch="false"/>
								<line number="187" hits="6" branch="false"/>
								<line number="190" hits="6" branch="false"/>
								<line number="194" hits="6" branch="false"/>
								<line number="197" hits="6" branch="false"/>
								<line number="204" hits="6" branch="false"/>
								<line number="207" hits="6" branch="false"/>
								<line number="210" hits="6" branch="false"/>
								<line number="216" hits="6" branch="false"/>
								<line number="219" hits="6" branch="false"/>
								<line number="222" hits="6" branch="false"/>
								<line number="225" hits="6" branch="false"/>
								<line number="228" hits="6" branch="false"/>
							</lines>
						</method>
						<method name="&lt;init&gt;" signature="(Ljava/lang/String;ILjava/lang/String;Linfo/mikethomas/jfold/util/ResponseType;)V" line-rate="1.0" branch-rate="1.0" complexity="0">
							<lines>
							</lines>
						</method>
						<method name="getCommand" signature="()Ljava/lang/String;" line-rate="0.0" branch-rate="1.0" complexity="0">
							<lines>
								<line number="237" hits="0" branch="false"/>
							</lines>
						</method>
						<method name="getResponseType" signature="()Linfo/mikethomas/jfold/util/ResponseType;" line-rate="1.0" branch-rate="1.0" complexity="0">
							<lines>
								<line number="244" hits="84" branch="false"/>
							</lines>
						</method>
						<method name="toString" signature="()Ljava/lang/String;" line-rate="1.0" branch-rate="1.0" complexity="0">
							<lines>
								<line number="249" hits="252" branch="false"/>
							</lines>
						</method>
						<method name="valueOf" signature="(Ljava/lang/String;)Linfo/mikethomas/jfold/util/Command;" line-rate="1.0" branch-rate="1.0" complexity="0">
							<lines>
							</lines>
						</method>
						<method name="values" signature="()[Linfo/mikethomas/jfold/util/Command;" line-rate="1.0" branch-rate="1.0" complexity="0">
							<lines>
							</lines>
						</method>
					</methods>
					<lines>
						<line number="32" hits="300" branch="false"/>
						<line number="39" hits="6" branch="false"/>
						<line number="42" hits="6" branch="false"/>
						<line number="45" hits="6" branch="false"/>
						<line number="48" hits="6" branch="false"/>
						<line number="51" hits="6" branch="false"/>
						<line number="54" hits="6" branch="false"/>
						<line number="60" hits="6" branch="false"/>
						<line number="63" hits="6" branch="false"/>
						<line number="67" hits="6" branch="false"/>
						<line number="73" hits="6" branch="false"/>
						<line number="76" hits="6" branch="false"/>
						<line number="79" hits="6" branch="false"/>
						<line number="82" hits="6" branch="false"/>
						<line number="85" hits="6" branch="false"/>
						<line number="88" hits="6" branch="false"/>
						<line number="94" hits="6" branch="false"/>
						<line number="97" hits="6" branch="false"/>
						<line number="100" hits="6" branch="false"/>
						<line number="103" hits="6" branch="false"/>
						<line number="122" hits="6" branch="false"/>
						<line number="125" hits="6" branch="false"/>
						<line number="128" hits="6" branch="false"/>
						<line number="131" hits="6" branch="false"/>
						<line number="134" hits="6" branch="false"/>
						<line number="137" hits="6" branch="false"/>
						<line number="143" hits="6" branch="false"/>
						<line number="146" hits="6" branch="false"/>
						<line number="149" hits="6" branch="false"/>
						<line number="154" hits="6" branch="false"/>
						<line number="157" hits="6" branch="false"/>
						<line number="160" hits="6" branch="false"/>
						<line number="168" hits="6" branch="false"/>
						<line number="175" hits="6" branch="false"/>
						<line number="178" hits="6" branch="false"/>
						<line number="181" hits="6" branch="false"/>
						<line number="184" hits="6" branch="false"/>
						<line number="187" hits="6" branch="false"/>
						<line number="190" hits="6" branch="false"/>
						<line number="194" hits="6" branch="false"/>
						<line number="197" hits="6" branch="false"/>
						<line number="204" hits="6" branch="false"/>
						<line number="207" hits="6" branch="false"/>
						<line number="210" hits="6" branch="false"/>
						<line number="216" hits="6" branch="false"/>
						<line number="219" hits="6" branch="false"/>
						<line number="222" hits="6" branch="false"/>
						<line number="225" hits="6" branch="false"/>
						<line number="228" hits="6" branch="false"/>
						<line number="237" hits="0" branch="false"/>
						<line number="244" hits="84" branch="false"/>
						<line number="249" hits="252" branch="false"/>
					</lines>
				</class>
				<class name="info.mikethomas.jfold.util.DateAdapter" filename="info/mikethomas/jfold/util/DateAdapter.java" line-rate="0.625" branch-rate="1.0" complexity="1.0">
					<methods>
						<method name="&lt;init&gt;" signature="()V" line-rate="1.0" branch-rate="1.0" complexity="0">
							<lines>
								<line number="38" hits="48" branch="false"/>
							</lines>
						</method>
						<method name="marshal" signature="(Ljava/lang/Object;)Ljava/lang/Object;" line-rate="1.0" branch-rate="1.0" complexity="0">
							<lines>
							</lines>
						</method>
						<method name="marshal" signature="(Ljava/util/Date;)Ljava/lang/String;" line-rate="0.3333333333333333" branch-rate="1.0" complexity="0">
							<lines>
								<line number="42" hits="48" branch="false"/>
								<line number="44" hits="0" branch="false"/>
								<line number="45" hits="0" branch="false"/>
							</lines>
						</method>
						<method name="unmarshal" signature="(Ljava/lang/Object;)Ljava/lang/Object;" line-rate="1.0" branch-rate="1.0" complexity="0">
							<lines>
								<line number="36" hits="96" branch="false"/>
							</lines>
						</method>
						<method name="unmarshal" signature="(Ljava/lang/String;)Ljava/util/Date;" line-rate="0.6666666666666666" branch-rate="1.0" complexity="0">
							<lines>
								<line number="48" hits="48" branch="false"/>
								<line number="50" hits="48" branch="false"/>
								<line number="51" hits="0" branch="false"/>
							</lines>
						</method>
					</methods>
					<lines>
						<line number="36" hits="96" branch="false"/>
						<line number="38" hits="48" branch="false"/>
						<line number="42" hits="48" branch="false"/>
						<line number="44" hits="0" branch="false"/>
						<line number="45" hits="0" branch="false"/>
						<line number="48" hits="48" branch="false"/>
						<line number="50" hits="48" branch="false"/>
						<line number="51" hits="0" branch="false"/>
					</lines>
				</class>
				<class name="info.mikethomas.jfold.util.PyonParser" filename="info/mikethomas/jfold/util/PyonParser.java" line-rate="0.7931034482758621" branch-rate="0.5" complexity="5.0">
					<methods>
						<method name="&lt;clinit&gt;" signature="()V" line-rate="1.0" branch-rate="1.0" complexity="0">
							<lines>
								<line number="38" hits="6" branch="false"/>
								<line number="52" hits="6" branch="false"/>
							</lines>
						</method>
						<method name="&lt;init&gt;" signature="()V" line-rate="0.0" branch-rate="1.0" complexity="0">
							<lines>
								<line number="40" hits="0" branch="false"/>
							</lines>
						</method>
						<method name="convert" signature="(Ljava/lang/String;)Ljava/lang/String;" line-rate="0.8076923076923077" branch-rate="0.5" complexity="0">
							<lines>
								<line number="81" hits="60" branch="true" condition-coverage="50% (1/2)">
									<conditions>
										<condition number="0" type="jump" coverage="50%"/>
									</conditions>
								</line>
								<line number="82" hits="0" branch="false"/>
								<line number="83" hits="0" branch="false"/>
								<line number="87" hits="60" branch="false"/>
								<line number="88" hits="60" branch="false"/>
								<line number="91" hits="60" branch="true" condition-coverage="50% (1/2)">
									<conditions>
										<condition number="0" type="jump" coverage="50%"/>
									</conditions>
								</line>
								<line number="92" hits="0" branch="false"/>
								<line number="96" hits="60" branch="false"/>
								<line number="97" hits="60" branch="false"/>
								<line number="98" hits="60" branch="false"/>
								<line number="99" hits="60" branch="false"/>
								<line number="100" hits="60" branch="false"/>
								<line number="103" hits="60" branch="false"/>
								<line number="106" hits="60" branch="false"/>
								<line number="107" hits="60" branch="false"/>
								<line number="108" hits="60" branch="false"/>
								<line number="109" hits="60" branch="false"/>
								<line number="112" hits="60" branch="false"/>
								<line number="113" hits="60" branch="false"/>
								<line number="115" hits="60" branch="false"/>
								<line number="116" hits="60" branch="false"/>
								<line number="117" hits="0" branch="false"/>
								<line number="118" hits="0" branch="false"/>
								<line number="119" hits="60" branch="false"/>
								<line number="121" hits="60" branch="false"/>
								<line number="123" hits="60" branch="false"/>
							</lines>
						</method>
					</methods>
					<lines>
						<line number="38" hits="6" branch="false"/>
						<line number="40" hits="0" branch="false"/>
						<line number="52" hits="6" branch="false"/>
						<line number="81" hits="60" branch="true" condition-coverage="50% (1/2)">
							<conditions>
								<condition number="0" type="jump" coverage="50%"/>
							</conditions>
						</line>
						<line number="82" hits="0" branch="false"/>
						<line number="83" hits="0" branch="false"/>
						<line number="87" hits="60" branch="false"/>
						<line number="88" hits="60" branch="false"/>
						<line number="91" hits="60" branch="true" condition-coverage="50% (1/2)">
							<conditions>
								<condition number="0" type="jump" coverage="50%"/>
							</conditions>
						</line>
						<line number="92" hits="0" branch="false"/>
						<line number="96" hits="60" branch="false"/>
						<line number="97" hits="60" branch="false"/>
						<line number="98" hits="60" branch="false"/>
						<line number="99" hits="60" branch="false"/>
						<line number="100" hits="60" branch="false"/>
						<line number="103" hits="60" branch="false"/>
						<line number="106" hits="60" branch="false"/>
						<line number="107" hits="60" branch="false"/>
						<line number="108" hits="60" branch="false"/>
						<line number="109" hits="60" branch="false"/>
						<line number="112" hits="60" branch="false"/>
						<line number="113" hits="60" branch="false"/>
						<line number="115" hits="60" branch="false"/>
						<line number="116" hits="60" branch="false"/>
						<line number="117" hits="0" branch="false"/>
						<line number="118" hits="0" branch="false"/>
						<line number="119" hits="60" branch="false"/>
						<line number="121" hits="60" branch="false"/>
						<line number="123" hits="60" branch="false"/>
					</lines>
				</class>
				<class name="info.mikethomas.jfold.util.ResponseType" filename="info/mikethomas/jfold/util/ResponseType.java" line-rate="1.0" branch-rate="1.0" complexity="0.0">
					<methods>
						<method name="&lt;clinit&gt;" signature="()V" line-rate="1.0" branch-rate="1.0" complexity="0">
							<lines>
								<line number="29" hits="30" branch="false"/>
								<line number="32" hits="6" branch="false"/>
								<line number="34" hits="6" branch="false"/>
								<line number="36" hits="6" branch="false"/>
							</lines>
						</method>
						<method name="&lt;init&gt;" signature="(Ljava/lang/String;I)V" line-rate="1.0" branch-rate="1.0" complexity="0">
							<lines>
							</lines>
						</method>
						<method name="valueOf" signature="(Ljava/lang/String;)Linfo/mikethomas/jfold/util/ResponseType;" line-rate="1.0" branch-rate="1.0" complexity="0">
							<lines>
							</lines>
						</method>
						<method name="values" signature="()[Linfo/mikethomas/jfold/util/ResponseType;" line-rate="1.0" branch-rate="1.0" complexity="0">
							<lines>
							</lines>
						</method>
					</methods>
					<lines>
						<line number="29" hits="30" branch="false"/>
						<line number="32" hits="6" branch="false"/>
						<line number="34" hits="6" branch="false"/>
						<line number="36" hits="6" branch="false"/>
					</lines>
				</class>
			</classes>
		</package>
	</packages>
</coverage>
